
running: look_for_makedepend()
 --> set MAKEDEPEND=$(TOOLSDIR)/xmakedepend

running: check_HAVE_CLOC()
 running: get_fortran_c_namemangling()
 mpicc -O2 -ip -fPIC -c genmake_test.c
 mpif90 -132 -r8 -i4 -warn -W0 -WB -assume byterecl -fPIC -c genmake_tcomp.f
 --> set FC_NAMEMANGLE='#define FC_NAMEMANGLE(X)  X ## _'
mpicc -O2 -ip -fPIC -c genmake_tc_1.c
mpif90 -132 -r8 -i4 -warn -W0 -WB -assume byterecl -fPIC -o genmake_tc genmake_tc_2.f genmake_tc_1.o
  HELLO WORLD   1458571369.75072     
 --> set HAVE_CLOC='t'

running: check_HAVE_SETRLSTK()
mpicc -O2 -ip -fPIC -c genmake_tc_1.c
      program hello
      external setrlstk
      call setrlstk()
      end
mpif90 -132 -r8 -i4 -warn -W0 -WB -assume byterecl -fPIC -o genmake_tc genmake_tc_2.f genmake_tc_1.o
 --> set HAVE_SETRLSTK='t'

running: check_HAVE_SIGREG()
mpicc -O2 -ip -fPIC -c genmake_tc_1.c
      program hello
      integer anint
      common /iv/ anint
      external sigreg
      call sigreg(anint)
      end
mpif90 -132 -r8 -i4 -warn -W0 -WB -assume byterecl -fPIC -o genmake_tc genmake_tc_2.f genmake_tc_1.o
 --> set HAVE_SIGREG='t'

running: check_HAVE_STAT()
mpicc -O2 -ip -fPIC -c genmake_tc_1.c
      program hello
      integer nbyte
      call tfsize(nbyte)
      print *," HELLO WORLD", nbyte
      end
mpif90 -132 -r8 -i4 -warn -W0 -WB -assume byterecl -fPIC -o genmake_tc genmake_tc_2.f genmake_tc_1.o
 --> set HAVE_STAT='t'

running: check_netcdf_libs()
===  genmake_tnc.F  >>>
      program fgennc
#include "netcdf.inc"
      integer iret, ncid, xid
      iret = nf_create('genmake_tnc.nc', NF_CLOBBER, ncid)
      IF (iret .NE. NF_NOERR) write(*,*) NF_STRERROR(iret)
      iret = nf_def_dim(ncid, 'X', 11, xid)
      IF (iret .NE. NF_NOERR) write(*,*) NF_STRERROR(iret)
      iret = nf_close(ncid)
      IF (iret .NE. NF_NOERR) write(*,*) NF_STRERROR(iret)
      end
<<<  genmake_tnc.F  ===
cat genmake_tnc.F |  cpp -traditional -P -DWORDLENGTH=4 -DALLOW_USE_MPI -DHAVE_SYSTEM -DHAVE_FDATE -DHAVE_ETIME -DHAVE_CLOC -DHAVE_SETRLSTK -DHAVE_SIGREG -DHAVE_STAT -I/cm/shared/apps/openmpi/intel/64/1.6.5/include -I/home/hb1g13/gsl/include/gsl -I/home/jeff/packages/netcdf4/netcdf-fortran-4.2/mobilis/intel14.0//include
mpif90 -132 -r8 -i4 -warn -W0 -WB -assume byterecl -fPIC -xHOST -O2 -ip -no-prec-div -align -mp1 -fpe0 -c genmake_tnc.f  \ 
  &&  mpif90 -shared-intel -no-ipo -132 -r8 -i4 -warn -W0 -WB -assume byterecl -fPIC -xHOST -O2 -ip -no-prec-div -align -mp1 -fpe0 -o genmake_tnc.o -L/home/jeff/packages/netcdf4/netcdf-fortran-4.2/mobilis/intel14.0//lib -lnetcdff -L/cm/shared/apps/netcdf/intel/64/4.3.0/lib -lnetcdf -L/cm/shared/apps/hdf5_18/1.8.11//lib -lhdf5_hl -lhdf5hl_fortran -lhdf5 -lhdf5_fortran -lz -lm
ifort: command line remark #10382: option '-xHOST' setting '-xCORE-AVX-I'
ifort: command line remark #10382: option '-xHOST' setting '-xCORE-AVX-I'
check_netcdf: successful
 --> set HAVE_NETCDF='t'

running: check_HAVE_FLUSH()
  check_HAVE_FLUSH: successful
 --> set HAVE_FLUSH='t'
